*** Starting uWSGI 2.0.19.1 (32bit) on [Sat Aug 14 19:03:44 2021] ***
compiled with version: 8.3.0 on 17 June 2020 09:19:11
os: Linux-5.10.17-v7+ #1421 SMP Thu May 27 13:59:01 BST 2021
nodename: raspberrypi
machine: armv7l
clock source: unix
pcre jit disabled
detected number of CPU cores: 4
current working directory: /home/pi/backup
detected binary path: /home/pi/web/bin/uwsgi
chdir() to /home/pi/backup
*** WARNING: you are running uWSGI without its master process manager ***
your processes number limit is 6873
your memory page size is 4096 bytes
detected max file descriptor number: 1024
lock engine: pthread robust mutexes
thunder lock: disabled (you can enable it with --thunder-lock)
uwsgi socket 0 bound to UNIX address /home/pi/backup/backup.sock fd 3
Python version: 3.7.3 (default, Jan 22 2021, 20:04:44)  [GCC 8.3.0]
Set PythonHome to /home/pi/web
*** Python threads support is disabled. You can enable it with --enable-threads ***
Python main interpreter initialized at 0xf46e98
your server socket listen backlog is limited to 100 connections
your mercy for graceful operations on workers is 60 seconds
mapped 64408 bytes (62 KB) for 1 cores
*** Operational MODE: single process ***
ModuleNotFoundError: No module named 'ben'
unable to load app 0 (mountpoint='') (callable not found or import error)
*** no app loaded. going in full dynamic mode ***
*** uWSGI is running in multiple interpreter mode ***
spawned uWSGI worker 1 (and the only) (pid: 2379, cores: 1)
Gracefully killing worker 1 (pid: 2379)...
VACUUM: unix socket /home/pi/backup/backup.sock removed.
